<?xml version="1.0" encoding="UTF-8"?>
<!-- Generated by org.testng.reporters.JUnitXMLReporter -->
<testsuite hostname="DESKTOP-REVKL7J" ignored="1" name="Car Loan Dept" tests="5" failures="0" timestamp="2019-09-29T12:52:13 IST" time="0.081" errors="0">
  <testcase name="Test01" time="0.008" classname="TestNG.Test1"/>
  <testcase name="Test02" time="0.006" classname="TestNG.Test1"/>
  <testcase name="Test01" time="0.002" classname="TestNG.Test3"/>
  <testcase name="Test02" time="0.003" classname="TestNG.Test3"/>
  <testcase name="Test03" time="0.003" classname="TestNG.Test3"/>
  <testcase name="Test03" time="0.0" classname="TestNG.Test1">
    <ignored/>
  </testcase> <!-- Test03 -->
</testsuite> <!-- Car Loan Dept -->
