<?xml version="1.0" encoding="UTF-8"?>
<!-- Generated by org.testng.reporters.JUnitXMLReporter -->
<testsuite hostname="DESKTOP-REVKL7J" ignored="2" name="Home Loan Dept" tests="1" failures="0" timestamp="2019-09-29T12:52:13 IST" time="0.005" errors="0">
  <testcase name="Test01" time="0.001" classname="TestNG.Test2"/>
  <testcase name="Test03" time="0.0" classname="TestNG.Test2">
    <ignored/>
  </testcase> <!-- Test03 -->
  <testcase name="Test02" time="0.0" classname="TestNG.Test2">
    <ignored/>
  </testcase> <!-- Test02 -->
</testsuite> <!-- Home Loan Dept -->
