<?xml version="1.0" encoding="UTF-8"?>
<!-- Generated by org.testng.reporters.JUnitXMLReporter -->
<testsuite hostname="DESKTOP-REVKL7J" ignored="3" name="Regression" tests="8" failures="1" timestamp="2019-10-02T21:02:05 IST" time="0.105" errors="0">
  <testcase name="Test02" time="0.004" classname="TestNG.Test1"/>
  <testcase name="Test03" time="0.002" classname="TestNG.Test1"/>
  <testcase name="Test01" time="0.002" classname="TestNG.Test2"/>
  <testcase name="Test01" time="0.003" classname="TestNG.Test2"/>
  <testcase name="Test01" time="0.002" classname="TestNG.Test2"/>
  <testcase name="Test03" time="0.0" classname="TestNG.Test2"/>
  <testcase name="Test02" time="0.0" classname="TestNG.Test3"/>
  <testcase name="Test01" time="0.005" classname="TestNG.Test3">
    <failure type="java.lang.AssertionError" message="did not expect to find [true] but found [false]">
      <![CDATA[java.lang.AssertionError: did not expect to find [true] but found [false]
at TestNG.Test3.Test01(Test3.java:20)
at java.util.ArrayList.forEach(Unknown Source)
at java.util.concurrent.FutureTask.run(Unknown Source)
at java.util.concurrent.ThreadPoolExecutor.runWorker(Unknown Source)
at java.util.concurrent.ThreadPoolExecutor$Worker.run(Unknown Source)
at java.lang.Thread.run(Unknown Source)
... Removed 22 stack frames]]>
    </failure>
  </testcase> <!-- Test01 -->
  <testcase name="Test01" time="0.0" classname="TestNG.Test1">
    <ignored/>
  </testcase> <!-- Test01 -->
  <testcase name="Test03" time="0.0" classname="TestNG.Test3">
    <ignored/>
  </testcase> <!-- Test03 -->
  <testcase name="Test02" time="0.0" classname="TestNG.Test2">
    <ignored/>
  </testcase> <!-- Test02 -->
</testsuite> <!-- Regression -->
