<?xml version="1.0" encoding="UTF-8"?>
<!-- Generated by org.testng.reporters.JUnitXMLReporter -->
<testsuite hostname="DESKTOP-REVKL7J" ignored="0" name="TestNG Tutorial" tests="6" failures="0" timestamp="2019-09-28T17:17:11 IST" time="0.09" errors="0">
  <testcase name="Test01" time="0.012" classname="TestNG.Test1"/>
  <testcase name="Test02" time="0.001" classname="TestNG.Test1"/>
  <testcase name="Test03" time="0.002" classname="TestNG.Test1"/>
  <testcase name="Test01" time="0.003" classname="TestNG.Test2"/>
  <testcase name="Test02" time="0.001" classname="TestNG.Test2"/>
  <testcase name="Test03" time="0.002" classname="TestNG.Test2"/>
</testsuite> <!-- TestNG Tutorial -->
